<?xml version="1.0" encoding="UTF-8"?>
<testsuite xmlns:xsi="http://www.w3.org/2001/XMLSchema-instance" xsi:noNamespaceSchemaLocation="https://maven.apache.org/surefire/maven-surefire-plugin/xsd/surefire-test-report.xsd" name="cse3310.uta.AppTest" time="0.241" tests="1" errors="0" skipped="0" failures="0">
  <properties>
    <property name="java.specification.version" value="21"/>
    <property name="sun.jnu.encoding" value="UTF-8"/>
    <property name="java.class.path" value="/home/ibrahimjafferali/cse3310-sp25-003/checkers/target/test-classes:/home/ibrahimjafferali/cse3310-sp25-003/checkers/target/classes:/home/ibrahimjafferali/.m2/repository/junit/junit/4.13.1/junit-4.13.1.jar:/home/ibrahimjafferali/.m2/repository/org/hamcrest/hamcrest-core/1.3/hamcrest-core-1.3.jar:/home/ibrahimjafferali/.m2/repository/com/google/code/gson/gson/2.9.1/gson-2.9.1.jar:/home/ibrahimjafferali/.m2/repository/net/freeutils/jlhttp/2.6/jlhttp-2.6.jar:/home/ibrahimjafferali/.m2/repository/org/java-websocket/Java-WebSocket/1.5.4/Java-WebSocket-1.5.4.jar:/home/ibrahimjafferali/.m2/repository/org/slf4j/slf4j-api/2.0.6/slf4j-api-2.0.6.jar:"/>
    <property name="java.vm.vendor" value="Red Hat, Inc."/>
    <property name="sun.arch.data.model" value="64"/>
    <property name="java.vendor.url" value="https://www.redhat.com/"/>
    <property name="os.name" value="Linux"/>
    <property name="java.vm.specification.version" value="21"/>
    <property name="sun.java.launcher" value="SUN_STANDARD"/>
    <property name="user.country" value="US"/>
    <property name="sun.boot.library.path" value="/usr/lib/jvm/java-21-openjdk-21.0.4.0.7-2.fc41.x86_64/lib"/>
    <property name="sun.java.command" value="/home/ibrahimjafferali/cse3310-sp25-003/checkers/target/surefire/surefirebooter3623409195093815010.jar /home/ibrahimjafferali/cse3310-sp25-003/checkers/target/surefire 2025-04-02T21-57-02_806-jvmRun1 surefire5472838996090241885tmp surefire_012372112607728496856tmp"/>
    <property name="jdk.debug" value="release"/>
    <property name="surefire.test.class.path" value="/home/ibrahimjafferali/cse3310-sp25-003/checkers/target/test-classes:/home/ibrahimjafferali/cse3310-sp25-003/checkers/target/classes:/home/ibrahimjafferali/.m2/repository/junit/junit/4.13.1/junit-4.13.1.jar:/home/ibrahimjafferali/.m2/repository/org/hamcrest/hamcrest-core/1.3/hamcrest-core-1.3.jar:/home/ibrahimjafferali/.m2/repository/com/google/code/gson/gson/2.9.1/gson-2.9.1.jar:/home/ibrahimjafferali/.m2/repository/net/freeutils/jlhttp/2.6/jlhttp-2.6.jar:/home/ibrahimjafferali/.m2/repository/org/java-websocket/Java-WebSocket/1.5.4/Java-WebSocket-1.5.4.jar:/home/ibrahimjafferali/.m2/repository/org/slf4j/slf4j-api/2.0.6/slf4j-api-2.0.6.jar:"/>
    <property name="sun.cpu.endian" value="little"/>
    <property name="user.home" value="/home/ibrahimjafferali"/>
    <property name="user.language" value="en"/>
    <property name="java.specification.vendor" value="Oracle Corporation"/>
    <property name="java.version.date" value="2024-07-16"/>
    <property name="java.home" value="/usr/lib/jvm/java-21-openjdk-21.0.4.0.7-2.fc41.x86_64"/>
    <property name="file.separator" value="/"/>
    <property name="basedir" value="/home/ibrahimjafferali/cse3310-sp25-003/checkers"/>
    <property name="java.vm.compressedOopsMode" value="32-bit"/>
    <property name="line.separator" value="&#10;"/>
    <property name="java.specification.name" value="Java Platform API Specification"/>
    <property name="java.vm.specification.vendor" value="Oracle Corporation"/>
    <property name="surefire.real.class.path" value="/home/ibrahimjafferali/cse3310-sp25-003/checkers/target/surefire/surefirebooter3623409195093815010.jar"/>
    <property name="sun.management.compiler" value="HotSpot 64-Bit Tiered Compilers"/>
    <property name="java.runtime.version" value="21.0.4+7"/>
    <property name="user.name" value="ibrahimjafferali"/>
    <property name="stdout.encoding" value="UTF-8"/>
    <property name="path.separator" value=":"/>
    <property name="os.version" value="6.11.4-301.fc41.x86_64"/>
    <property name="java.runtime.name" value="OpenJDK Runtime Environment"/>
    <property name="file.encoding" value="UTF-8"/>
    <property name="java.vm.name" value="OpenJDK 64-Bit Server VM"/>
    <property name="java.vendor.version" value="(Red_Hat-21.0.4.0.7-2)"/>
    <property name="localRepository" value="/home/ibrahimjafferali/.m2/repository"/>
    <property name="java.vendor.url.bug" value="https://bugzilla.redhat.com/enter_bug.cgi?product=Fedora&amp;component=java-21-openjdk&amp;version=39"/>
    <property name="java.io.tmpdir" value="/tmp"/>
    <property name="java.version" value="21.0.4"/>
    <property name="user.dir" value="/home/ibrahimjafferali/cse3310-sp25-003/checkers"/>
    <property name="os.arch" value="amd64"/>
    <property name="java.vm.specification.name" value="Java Virtual Machine Specification"/>
    <property name="native.encoding" value="UTF-8"/>
    <property name="java.library.path" value="/usr/java/packages/lib:/usr/lib64:/lib64:/lib:/usr/lib"/>
    <property name="java.vm.info" value="mixed mode, sharing"/>
    <property name="stderr.encoding" value="UTF-8"/>
    <property name="java.vendor" value="Red Hat, Inc."/>
    <property name="java.vm.version" value="21.0.4+7"/>
    <property name="sun.io.unicode.encoding" value="UnicodeLittle"/>
    <property name="java.class.version" value="65.0"/>
  </properties>
  <testcase name="shouldAnswerWithTrue" classname="cse3310.uta.AppTest" time="0.009"/>
</testsuite>